[debug] [2022-03-21T08:08:13.064Z] ----------------------------------------------------------------------
[debug] [2022-03-21T08:08:13.066Z] Command:       C:\Program Files\nodejs\node.exe C:\Users\LENOVO\AppData\Local\Yarn\Data\global\node_modules\firebase-tools\lib\bin\firebase.js serve
[debug] [2022-03-21T08:08:13.067Z] CLI Version:   10.4.0
[debug] [2022-03-21T08:08:13.067Z] Platform:      win32
[debug] [2022-03-21T08:08:13.067Z] Node Version:  v16.0.0
[debug] [2022-03-21T08:08:13.113Z] Time:          Mon Mar 21 2022 15:08:13 GMT+0700 (เวลาอินโดจีน)
[debug] [2022-03-21T08:08:13.113Z] ----------------------------------------------------------------------
[debug] 
[debug] [2022-03-21T08:08:13.180Z] > command requires scopes: ["email","openid","https://www.googleapis.com/auth/cloudplatformprojects.readonly","https://www.googleapis.com/auth/firebase","https://www.googleapis.com/auth/cloud-platform"]
[debug] [2022-03-21T08:08:13.180Z] > authorizing via signed-in user (chatchanan@kkumail.com)
[debug] [2022-03-21T08:08:13.180Z] [iam] checking project leaf-counting for permissions ["firebase.projects.get"]
[debug] [2022-03-21T08:08:13.182Z] > refreshing access token with scopes: []
[debug] [2022-03-21T08:08:13.183Z] >>> HTTP REQUEST POST https://www.googleapis.com/oauth2/v3/token  
 <request body omitted>
[debug] [2022-03-21T08:08:13.411Z] <<< HTTP RESPONSE 200 {"cache-control":"no-cache, no-store, max-age=0, must-revalidate","date":"Mon, 21 Mar 2022 08:08:15 GMT","expires":"Mon, 01 Jan 1990 00:00:00 GMT","pragma":"no-cache","content-type":"application/json; charset=utf-8","vary":"X-Origin, Referer, Origin,Accept-Encoding","server":"scaffolding on HTTPServer2","x-xss-protection":"0","x-frame-options":"SAMEORIGIN","x-content-type-options":"nosniff","alt-svc":"h3=\":443\"; ma=2592000,h3-29=\":443\"; ma=2592000,h3-Q050=\":443\"; ma=2592000,h3-Q046=\":443\"; ma=2592000,h3-Q043=\":443\"; ma=2592000,quic=\":443\"; ma=2592000; v=\"46,43\"","accept-ranges":"none","transfer-encoding":"chunked"}
[debug] [2022-03-21T08:08:13.451Z] >>> [apiv2][query] POST https://cloudresourcemanager.googleapis.com/v1/projects/leaf-counting:testIamPermissions [none]
[debug] [2022-03-21T08:08:13.451Z] >>> [apiv2][body] POST https://cloudresourcemanager.googleapis.com/v1/projects/leaf-counting:testIamPermissions {"permissions":["firebase.projects.get"]}
[debug] [2022-03-21T08:08:14.607Z] <<< [apiv2][status] POST https://cloudresourcemanager.googleapis.com/v1/projects/leaf-counting:testIamPermissions 200
[debug] [2022-03-21T08:08:14.607Z] <<< [apiv2][body] POST https://cloudresourcemanager.googleapis.com/v1/projects/leaf-counting:testIamPermissions {"permissions":["firebase.projects.get"]}
[debug] [2022-03-21T08:08:14.608Z] >>> [apiv2][query] GET https://firebase.googleapis.com/v1beta1/projects/leaf-counting [none]
[debug] [2022-03-21T08:08:14.988Z] <<< [apiv2][status] GET https://firebase.googleapis.com/v1beta1/projects/leaf-counting 200
[debug] [2022-03-21T08:08:14.988Z] <<< [apiv2][body] GET https://firebase.googleapis.com/v1beta1/projects/leaf-counting {"projectId":"leaf-counting","projectNumber":"970526532822","displayName":"leaf-counting","name":"projects/leaf-counting","resources":{"hostingSite":"leaf-counting","storageBucket":"leaf-counting.appspot.com","locationId":"asia-southeast1"},"state":"ACTIVE"}
[info] 
[info] === Serving from 'D:\Work\G_Project\KKU_Project\Project\web\counting_leaf'...
[info] 
[debug] [2022-03-21T08:08:14.992Z] >>> [apiv2][query] GET https://firebasehosting.googleapis.com/v1beta1/projects/leaf-counting/sites 
[info] +  functions: Using node@16 from host. {"metadata":{"emulator":{"name":"functions"},"message":"Using node@16 from host."}}
[debug] [2022-03-21T08:08:15.001Z] defaultcredentials: writing to file C:\Users\LENOVO\AppData\Roaming\firebase\chatchanan_kkumail_com_application_default_credentials.json
[debug] [2022-03-21T08:08:15.003Z] Setting GAC to C:\Users\LENOVO\AppData\Roaming\firebase\chatchanan_kkumail_com_application_default_credentials.json {"metadata":{"emulator":{"name":"functions"},"message":"Setting GAC to C:\\Users\\LENOVO\\AppData\\Roaming\\firebase\\chatchanan_kkumail_com_application_default_credentials.json"}}
[debug] [2022-03-21T08:08:15.003Z] >>> [apiv2][query] GET https://firebase.googleapis.com/v1beta1/projects/leaf-counting/adminSdkConfig [none]
[debug] [2022-03-21T08:08:15.367Z] <<< [apiv2][status] GET https://firebase.googleapis.com/v1beta1/projects/leaf-counting/adminSdkConfig 200
[debug] [2022-03-21T08:08:15.367Z] <<< [apiv2][body] GET https://firebase.googleapis.com/v1beta1/projects/leaf-counting/adminSdkConfig {"projectId":"leaf-counting","storageBucket":"leaf-counting.appspot.com","locationId":"asia-southeast1"}
[debug] [2022-03-21T08:08:16.455Z] <<< [apiv2][status] GET https://firebasehosting.googleapis.com/v1beta1/projects/leaf-counting/sites 200
[debug] [2022-03-21T08:08:16.455Z] <<< [apiv2][body] GET https://firebasehosting.googleapis.com/v1beta1/projects/leaf-counting/sites {"sites":[{"name":"projects/970526532822/sites/leaf-counting","defaultUrl":"https://leaf-counting.web.app","type":"DEFAULT_SITE"}]}
[debug] [2022-03-21T08:08:16.456Z] >>> [apiv2][query] GET https://firebase.googleapis.com/v1beta1/projects/leaf-counting/webApps/-/config [none]
[debug] [2022-03-21T08:08:17.604Z] <<< [apiv2][status] GET https://firebase.googleapis.com/v1beta1/projects/leaf-counting/webApps/-/config 200
[debug] [2022-03-21T08:08:17.604Z] <<< [apiv2][body] GET https://firebase.googleapis.com/v1beta1/projects/leaf-counting/webApps/-/config {"projectId":"leaf-counting","appId":"1:970526532822:web:0c30730ce5dfffe2955577","storageBucket":"leaf-counting.appspot.com","locationId":"asia-southeast1","apiKey":"AIzaSyD_03lCdjOUP9lbXi8eRJf9hwqJ70tJJ_Y","authDomain":"leaf-counting.firebaseapp.com","messagingSenderId":"970526532822"}
[info] i  functions: Watching "D:\Work\G_Project\KKU_Project\Project\web\counting_leaf\functions" for Cloud Functions... {"metadata":{"emulator":{"name":"functions"},"message":"Watching \"D:\\Work\\G_Project\\KKU_Project\\Project\\web\\counting_leaf\\functions\" for Cloud Functions..."}}
[info] i  hosting: Serving hosting files from: build {"metadata":{"emulator":{"name":"hosting"},"message":"Serving hosting files from: \u001b[1mbuild\u001b[22m"}}
[info] +  hosting: Local server: http://localhost:5000 {"metadata":{"emulator":{"name":"hosting"},"message":"Local server: \u001b[4m\u001b[1mhttp://localhost:5000\u001b[22m\u001b[24m"}}
[debug] [2022-03-21T08:08:17.646Z] Validating nodejs source
[warn] !  functions: package.json indicates an outdated version of firebase-functions. Please upgrade using npm install --save firebase-functions@latest in your functions directory. 
[debug] [2022-03-21T08:08:20.676Z] > [functions] package.json contents: {
  "name": "functions",
  "description": "Cloud Functions for Firebase",
  "scripts": {
    "serve": "firebase emulators:start --only functions",
    "shell": "firebase functions:shell",
    "start": "npm run shell",
    "deploy": "firebase deploy --only functions",
    "logs": "firebase functions:log"
  },
  "engines": {
    "node": "16"
  },
  "main": "index.js",
  "dependencies": {
    "firebase": "^9.6.6",
    "firebase-admin": "^9.8.0",
    "firebase-functions": "^3.14.1",
    "sharp": "^0.30.0"
  },
  "devDependencies": {
    "firebase-functions-test": "^0.2.0"
  },
  "private": true
}
[debug] [2022-03-21T08:08:20.677Z] Building nodejs source
[debug] [2022-03-21T08:08:20.677Z] Analyzing nodejs backend spec
[info] +  functions[asia-southeast1-api]: http function initialized (http://localhost:5001/leaf-counting/asia-southeast1/api). {"metadata":{"emulator":{"name":"functions"},"message":"\u001b[1mhttp\u001b[22m function initialized (http://localhost:5001/leaf-counting/asia-southeast1/api)."}}
